<?xml version="1.0" encoding="UTF-8"?>
<!-- Generated by org.testng.reporters.JUnitXMLReporter -->
<testsuite ignored="0" hostname="DESKTOP-FLJ34K1" failures="1" tests="1" name="Test" time="0.083" errors="0" timestamp="2024-05-06T10:32:43 IST">
  <testcase classname="parameterazionInTestNg.Working_with_ParametersAnnotation" name="searchTestCase" time="0.01">
    <failure type="parameterazionInTestNg.InvalidBrowserValueException" message="You have Seleceted invalid browser value">
      <![CDATA[parameterazionInTestNg.InvalidBrowserValueException: You have Seleceted invalid browser value
at parameterazionInTestNg.Working_with_ParametersAnnotation.searchTestCase(Working_with_ParametersAnnotation.java:27)
at java.base/java.util.ArrayList.forEach(ArrayList.java:1511)
... Removed 27 stack frames]]>
    </failure>
  </testcase> <!-- searchTestCase -->
</testsuite> <!-- Test -->
